<?xml version="1.0" encoding="UTF-8"?>
<testng-results ignored="0" total="1" passed="1" failed="0" skipped="0">
  <reporter-output>
  </reporter-output>
  <suite started-at="2023-08-28T12:09:53 IST" name="Default suite" finished-at="2023-08-28T12:10:08 IST" duration-ms="15127">
    <groups>
    </groups>
    <test started-at="2023-08-28T12:09:53 IST" name="Default test" finished-at="2023-08-28T12:10:08 IST" duration-ms="15127">
      <class name="appiumBasic.basicTest">
        <test-method signature="basicAppiumTest()[pri:0, instance:appiumBasic.basicTest@73700b80]" started-at="2023-08-28T12:09:53 IST" name="basicAppiumTest" finished-at="2023-08-28T12:10:08 IST" duration-ms="15093" status="PASS">
          <reporter-output>
          </reporter-output>
        </test-method> <!-- basicAppiumTest -->
      </class> <!-- appiumBasic.basicTest -->
    </test> <!-- Default test -->
  </suite> <!-- Default suite -->
</testng-results>
